<?xml version="1.0" encoding="UTF-8" ?>
<testsuite errors="0" failures="0" hostname="Tomek-PC" name="boundedbuffertesting.PutTakeTest" tests="4" time="1.639" timestamp="2012-12-28T17:12:33">
  <properties>
[...]
</properties>
  <testcase classname="boundedbuffertesting.SemaphoreBoundedBufferTest" name="testPoolExpansion" time="0.032" />
  <testcase classname="boundedbuffertesting.SemaphoreBoundedBufferTest" name="testTakeBlocksWhenEmpty" time="1.002" />
  <testcase classname="boundedbuffertesting.SemaphoreBoundedBufferTest" name="testIsFullAfterPuts" time="0.001" />
  <testcase classname="boundedbuffertesting.SemaphoreBoundedBufferTest" name="testIsEmptyWhenConstructed" time="0.0" />
  <system-out><![CDATA[producer Thread[pool-1-thread-1,5,main]
seed : 1637298334
consumer Thread[pool-1-thread-2,5,main]
producer Thread[pool-1-thread-3,5,main]
seed : 596936
producer Thread[pool-1-thread-5,5,main]
seed : 1561227804
consumer Thread[pool-1-thread-4,5,main]
producer Thread[pool-1-thread-7,5,main]
seed : 1672293209
producer Thread[pool-1-thread-9,5,main]
seed : 89098982
consumer Thread[pool-1-thread-8,5,main]
consumer Thread[pool-1-thread-6,5,main]
consumer Thread[pool-1-thread-10,5,main]
producer Thread[pool-1-thread-11,5,main]
seed : 1461174129
consumer Thread[pool-1-thread-12,5,main]
producer Thread[pool-1-thread-13,5,main]
seed : 529938038
consumer Thread[pool-1-thread-14,5,main]
producer Thread[pool-1-thread-15,5,main]
seed : 220787500
consumer Thread[pool-1-thread-16,5,main]
producer Thread[pool-1-thread-17,5,main]
seed : 1946205839
consumer Thread[pool-1-thread-18,5,main]
producer Thread[pool-1-thread-19,5,main]
seed : 1438674307
consumer Thread[pool-1-thread-20,5,main]
testing equals
->>here
new 1
new 2
new 3
new 4
new 5
new 6
new 7
new 8
new 9
new 10
num created : 10
in :  Thread[pool-2-thread-2,5,main]
in :  Thread[pool-2-thread-4,5,main]
in :  Thread[pool-2-thread-6,5,main]
in :  Thread[pool-2-thread-8,5,main]
in :  Thread[pool-2-thread-1,5,main]
in :  Thread[pool-2-thread-3,5,main]
in :  Thread[pool-2-thread-5,5,main]
in :  Thread[pool-2-thread-7,5,main]
in :  Thread[pool-2-thread-9,5,main]
in :  Thread[pool-2-thread-10,5,main]
interruption
]]></system-out>
  <system-err><![CDATA[]]></system-err>
</testsuite>
